Arguments: 
  /home/defauth/.nvm/versions/node/v14.15.4/bin/node /usr/bin/yarn

PATH: 
  /home/defauth/.asdf/shims:/home/defauth/.asdf/bin:/home/defauth/perl5/bin:/home/defauth/.nvm/versions/node/v14.15.4/bin:/home/defauth/.zinit/polaris/sbin:/home/defauth/.zinit/polaris/bin:/home/defauth/.local/bin:/usr/local/bin:/usr/local/sbin:/usr/bin:/var/lib/flatpak/exports/bin:/usr/lib/jvm/default/bin:/usr/bin/site_perl:/usr/bin/vendor_perl:/usr/bin/core_perl:/var/lib/snapd/snap/bin:/home/defauth/Android/Sdk/emulator:/home/defauth/Android/Sdk/tools:/home/defauth/Android/Sdk/tools/bin:/home/defauth/Android/Sdk/platform-tools:/home/defauth/.fzf/bin

Yarn version: 
  1.22.10

Node version: 
  14.15.4

Platform: 
  linux x64

Trace: 
  Error: getaddrinfo ENOTFOUND registry.yarnpkg.com
      at GetAddrInfoReqWrap.onlookup [as oncomplete] (dns.js:67:26)

npm manifest: 
  {
    "devDependencies": {
      "eslint": "6.8.0",
      "eslint-config-airbnb": "18.2.0",
      "eslint-plugin-editorconfig": "2.1.3",
      "eslint-plugin-import": "2.22.1",
      "eslint-plugin-sonarjs": "0.5.0",
      "stylelint": "13.8.0",
      "stylelint-config-standard": "20.0.0",
      "cypress": "3.8.3",
      "cypress-multi-reporters": "1.2.3",
      "mocha": "7.0.1",
      "mochawesome": "4.1.0",
      "mochawesome-merge": "4.0.0",
      "mochawesome-report-generator": "4.1.0"
    },
    "dependencies": {
      "cypress-file-upload": "3.5.3",
      "minimist": "1.2.3",
      "eslint-config-trybe-fundamentals": "1.1.0"
    },
    "scripts": {
      "cypress:open": "cypress open",
      "lint": "eslint --no-inline-config --ext .js,.jsx --no-error-on-unmatched-pattern -c .eslintrc.json .",
      "lint:styles": "stylelint **/*.css --config .stylelintrc.json --ignore-disables --allow-empty-input"
    }
  }

yarn manifest: 
  No manifest

Lockfile: 
  No lockfile
